14:10:07.885 [main] INFO  testCases.TC_001_AccountRegistrationTest - *****TC_001_AccountRegistrationTest****
14:10:07.890 [main] DEBUG testCases.TC_001_AccountRegistrationTest - Application logs..
14:10:08.081 [main] INFO  testCases.TC_001_AccountRegistrationTest - ..Click on MyAccountlink..
14:10:08.560 [main] INFO  testCases.TC_001_AccountRegistrationTest - ..Click on MyRegiseration link..
14:10:08.560 [main] INFO  testCases.TC_001_AccountRegistrationTest - Entering Customer details..
14:10:09.037 [main] INFO  testCases.TC_001_AccountRegistrationTest - Clicked on continue...
14:10:09.593 [main] INFO  testCases.TC_001_AccountRegistrationTest - ..Validating confirmation message..
14:10:09.594 [main] INFO  testCases.TC_001_AccountRegistrationTest - test passed..
14:10:09.601 [main] INFO  testCases.TC_001_AccountRegistrationTest - ..Finished TC_001_AccountRegistrationTest..
14:10:11.911 [main] INFO  testCases.TC_002_LoginTest - ***Starting the TC-002_LoginTest ***
14:10:11.911 [main] DEBUG testCases.TC_002_LoginTest - Capturing application debug logs....
14:10:12.026 [main] INFO  testCases.TC_002_LoginTest - click on Myaccount link...
14:10:12.560 [main] INFO  testCases.TC_002_LoginTest - click on login link under myaccount...
14:10:12.561 [main] INFO  testCases.TC_002_LoginTest - Entering valid email and password...
14:10:12.836 [main] INFO  testCases.TC_002_LoginTest - click on login button...
14:10:15.955 [main] INFO  testCases.TC_002_LoginTest - Test is Passed....
14:10:15.955 [main] INFO  testCases.TC_002_LoginTest - ***finished the TC-002_LoginTest ***
16:28:00.217 [main] INFO  testCases.TC_001_AccountRegistrationTest - *****TC_001_AccountRegistrationTest****
16:28:00.223 [main] DEBUG testCases.TC_001_AccountRegistrationTest - Application logs..
16:28:00.423 [main] INFO  testCases.TC_001_AccountRegistrationTest - ..Click on MyAccountlink..
16:28:00.986 [main] INFO  testCases.TC_001_AccountRegistrationTest - ..Click on MyRegiseration link..
16:28:00.987 [main] INFO  testCases.TC_001_AccountRegistrationTest - Entering Customer details..
16:28:01.614 [main] INFO  testCases.TC_001_AccountRegistrationTest - Clicked on continue...
16:28:02.240 [main] INFO  testCases.TC_001_AccountRegistrationTest - ..Validating confirmation message..
16:28:02.240 [main] INFO  testCases.TC_001_AccountRegistrationTest - test passed..
16:28:02.244 [main] INFO  testCases.TC_001_AccountRegistrationTest - ..Finished TC_001_AccountRegistrationTest..
16:28:05.184 [main] INFO  testCases.TC_002_LoginTest - ***Starting the TC-002_LoginTest ***
16:28:05.184 [main] DEBUG testCases.TC_002_LoginTest - Capturing application debug logs....
16:28:05.317 [main] INFO  testCases.TC_002_LoginTest - click on Myaccount link...
16:28:05.923 [main] INFO  testCases.TC_002_LoginTest - click on login link under myaccount...
16:28:05.925 [main] INFO  testCases.TC_002_LoginTest - Entering valid email and password...
16:28:06.231 [main] INFO  testCases.TC_002_LoginTest - click on login button...
16:28:06.701 [main] INFO  testCases.TC_002_LoginTest - Test is Passed....
16:28:06.701 [main] INFO  testCases.TC_002_LoginTest - ***finished the TC-002_LoginTest ***
16:29:34.247 [main] INFO  testCases.TC_001_AccountRegistrationTest - *****TC_001_AccountRegistrationTest****
16:29:34.252 [main] DEBUG testCases.TC_001_AccountRegistrationTest - Application logs..
16:29:34.411 [main] INFO  testCases.TC_001_AccountRegistrationTest - ..Click on MyAccountlink..
16:29:34.883 [main] INFO  testCases.TC_001_AccountRegistrationTest - ..Click on MyRegiseration link..
16:29:34.884 [main] INFO  testCases.TC_001_AccountRegistrationTest - Entering Customer details..
16:29:35.359 [main] INFO  testCases.TC_001_AccountRegistrationTest - Clicked on continue...
16:29:35.897 [main] INFO  testCases.TC_001_AccountRegistrationTest - ..Validating confirmation message..
16:29:35.898 [main] INFO  testCases.TC_001_AccountRegistrationTest - test passed..
16:29:35.899 [main] INFO  testCases.TC_001_AccountRegistrationTest - ..Finished TC_001_AccountRegistrationTest..
16:29:37.853 [main] INFO  testCases.TC_002_LoginTest - ***Starting the TC-002_LoginTest ***
16:29:37.854 [main] DEBUG testCases.TC_002_LoginTest - Capturing application debug logs....
16:29:37.989 [main] INFO  testCases.TC_002_LoginTest - click on Myaccount link...
16:29:38.528 [main] INFO  testCases.TC_002_LoginTest - click on login link under myaccount...
16:29:38.529 [main] INFO  testCases.TC_002_LoginTest - Entering valid email and password...
16:29:38.811 [main] INFO  testCases.TC_002_LoginTest - click on login button...
16:29:39.263 [main] INFO  testCases.TC_002_LoginTest - Test is Passed....
16:29:39.263 [main] INFO  testCases.TC_002_LoginTest - ***finished the TC-002_LoginTest ***
14:03:11.090 [main] INFO  testCases.TC_001_AccountRegistrationTest - *****TC_001_AccountRegistrationTest****
14:03:11.096 [main] DEBUG testCases.TC_001_AccountRegistrationTest - Application logs..
14:03:11.266 [main] INFO  testCases.TC_001_AccountRegistrationTest - ..Click on MyAccountlink..
