12:32:43.390 [main] INFO  testCases.TC_001_AccountRegistrationTest - *****TC_001_AccountRegistrationTest****
12:32:43.401 [main] DEBUG testCases.TC_001_AccountRegistrationTest - Application logs..
12:32:43.560 [main] INFO  testCases.TC_001_AccountRegistrationTest - ..Click on MyAccountlink..
12:32:44.001 [main] INFO  testCases.TC_001_AccountRegistrationTest - ..Click on MyRegiseration link..
12:32:44.002 [main] INFO  testCases.TC_001_AccountRegistrationTest - Entering Customer details..
12:32:44.516 [main] INFO  testCases.TC_001_AccountRegistrationTest - Clicked on continue...
12:32:45.082 [main] INFO  testCases.TC_001_AccountRegistrationTest - ..Validating confirmation message..
12:32:45.082 [main] INFO  testCases.TC_001_AccountRegistrationTest - test passed..
12:32:45.084 [main] INFO  testCases.TC_001_AccountRegistrationTest - ..Finished TC_001_AccountRegistrationTest..
12:32:47.305 [main] INFO  testCases.TC_002_LoginTest - ***Starting the TC-002_LoginTest ***
12:32:47.305 [main] DEBUG testCases.TC_002_LoginTest - Capturing application debug logs....
12:32:47.417 [main] INFO  testCases.TC_002_LoginTest - click on Myaccount link...
12:32:47.889 [main] INFO  testCases.TC_002_LoginTest - click on login link under myaccount...
12:32:47.894 [main] INFO  testCases.TC_002_LoginTest - Entering valid email and password...
12:32:48.261 [main] INFO  testCases.TC_002_LoginTest - click on login button...
12:32:48.727 [main] INFO  testCases.TC_002_LoginTest - Test is Passed....
12:32:48.728 [main] INFO  testCases.TC_002_LoginTest - ***finished the TC-002_LoginTest ***
10:38:14.102 [main] DEBUG org.testng.TestNG - suiteXmlPath: "C:\eclipse-workspace\opencart\Final.xml"
10:38:21.940 [main] INFO  testCases.TC_001_AccountRegistrationTest - *****TC_001_AccountRegistrationTest****
10:38:21.940 [main] DEBUG testCases.TC_001_AccountRegistrationTest - Application logs..
10:38:22.134 [main] INFO  testCases.TC_001_AccountRegistrationTest - ..Click on MyAccountlink..
10:38:22.780 [main] INFO  testCases.TC_001_AccountRegistrationTest - ..Click on MyRegiseration link..
10:38:22.780 [main] INFO  testCases.TC_001_AccountRegistrationTest - Entering Customer details..
10:38:23.269 [main] INFO  testCases.TC_001_AccountRegistrationTest - Clicked on continue...
10:38:23.988 [main] INFO  testCases.TC_001_AccountRegistrationTest - ..Validating confirmation message..
10:38:23.988 [main] INFO  testCases.TC_001_AccountRegistrationTest - test passed..
10:38:23.992 [main] INFO  testCases.TC_001_AccountRegistrationTest - ..Finished TC_001_AccountRegistrationTest..
10:38:26.468 [main] INFO  testCases.TC_002_LoginTest - ***Starting the TC-002_LoginTest ***
10:38:26.469 [main] DEBUG testCases.TC_002_LoginTest - Capturing application debug logs....
10:38:26.586 [main] INFO  testCases.TC_002_LoginTest - click on Myaccount link...
10:38:27.073 [main] INFO  testCases.TC_002_LoginTest - click on login link under myaccount...
10:38:27.083 [main] INFO  testCases.TC_002_LoginTest - Entering valid email and password...
10:38:27.353 [main] INFO  testCases.TC_002_LoginTest - click on login button...
10:38:27.879 [main] INFO  testCases.TC_002_LoginTest - Test is Passed....
10:38:27.879 [main] INFO  testCases.TC_002_LoginTest - ***finished the TC-002_LoginTest ***
11:13:50.869 [main] DEBUG org.testng.TestNG - suiteXmlPath: "C:\eclipse-workspace\opencart\Final.xml"
11:13:54.157 [main] INFO  testCases.TC_001_AccountRegistrationTest - *****TC_001_AccountRegistrationTest****
11:13:54.158 [main] DEBUG testCases.TC_001_AccountRegistrationTest - Application logs..
11:13:54.293 [main] INFO  testCases.TC_001_AccountRegistrationTest - ..Click on MyAccountlink..
11:13:54.732 [main] INFO  testCases.TC_001_AccountRegistrationTest - ..Click on MyRegiseration link..
11:13:54.732 [main] INFO  testCases.TC_001_AccountRegistrationTest - Entering Customer details..
11:13:55.308 [main] INFO  testCases.TC_001_AccountRegistrationTest - Clicked on continue...
11:13:55.904 [main] INFO  testCases.TC_001_AccountRegistrationTest - ..Validating confirmation message..
11:13:55.904 [main] INFO  testCases.TC_001_AccountRegistrationTest - test passed..
11:13:55.906 [main] INFO  testCases.TC_001_AccountRegistrationTest - ..Finished TC_001_AccountRegistrationTest..
11:13:58.191 [main] INFO  testCases.TC_002_LoginTest - ***Starting the TC-002_LoginTest ***
11:13:58.192 [main] DEBUG testCases.TC_002_LoginTest - Capturing application debug logs....
11:13:58.324 [main] INFO  testCases.TC_002_LoginTest - click on Myaccount link...
11:13:59.698 [main] INFO  testCases.TC_002_LoginTest - click on login link under myaccount...
11:13:59.699 [main] INFO  testCases.TC_002_LoginTest - Entering valid email and password...
11:13:59.972 [main] INFO  testCases.TC_002_LoginTest - click on login button...
11:14:00.422 [main] INFO  testCases.TC_002_LoginTest - Test is Passed....
11:14:00.422 [main] INFO  testCases.TC_002_LoginTest - ***finished the TC-002_LoginTest ***
