10:03:51.163 [main] INFO  testCases.TC_001_AccountRegistrationTest - Clicked on continue...
10:03:51.716 [main] INFO  testCases.TC_001_AccountRegistrationTest - ..Validating confirmation message..
10:03:51.717 [main] INFO  testCases.TC_001_AccountRegistrationTest - test passed..
10:03:51.719 [main] INFO  testCases.TC_001_AccountRegistrationTest - ..Finished TC_001_AccountRegistrationTest..
10:03:53.778 [main] INFO  testCases.TC_002_LoginTest - ***Starting the TC-002_LoginTest ***
10:03:53.778 [main] DEBUG testCases.TC_002_LoginTest - Capturing application debug logs....
10:03:53.914 [main] INFO  testCases.TC_002_LoginTest - click on Myaccount link...
10:03:55.043 [main] INFO  testCases.TC_002_LoginTest - click on login link under myaccount...
10:03:55.046 [main] INFO  testCases.TC_002_LoginTest - Entering valid email and password...
10:03:55.313 [main] INFO  testCases.TC_002_LoginTest - click on login button...
10:03:55.762 [main] INFO  testCases.TC_002_LoginTest - Test is Passed....
10:03:55.762 [main] INFO  testCases.TC_002_LoginTest - ***finished the TC-002_LoginTest ***
12:02:50.980 [main] INFO  testCases.TC_001_AccountRegistrationTest - *****TC_001_AccountRegistrationTest****
12:02:50.985 [main] DEBUG testCases.TC_001_AccountRegistrationTest - Application logs..
12:02:51.151 [main] INFO  testCases.TC_001_AccountRegistrationTest - ..Click on MyAccountlink..
12:02:51.665 [main] INFO  testCases.TC_001_AccountRegistrationTest - ..Click on MyRegiseration link..
12:02:51.666 [main] INFO  testCases.TC_001_AccountRegistrationTest - Entering Customer details..
12:02:52.151 [main] INFO  testCases.TC_001_AccountRegistrationTest - Clicked on continue...
12:02:52.734 [main] INFO  testCases.TC_001_AccountRegistrationTest - ..Validating confirmation message..
12:02:52.734 [main] INFO  testCases.TC_001_AccountRegistrationTest - test passed..
12:02:52.736 [main] INFO  testCases.TC_001_AccountRegistrationTest - ..Finished TC_001_AccountRegistrationTest..
12:02:55.046 [main] INFO  testCases.TC_002_LoginTest - ***Starting the TC-002_LoginTest ***
12:02:55.048 [main] DEBUG testCases.TC_002_LoginTest - Capturing application debug logs....
12:02:55.212 [main] INFO  testCases.TC_002_LoginTest - click on Myaccount link...
12:02:55.733 [main] INFO  testCases.TC_002_LoginTest - click on login link under myaccount...
12:02:55.735 [main] INFO  testCases.TC_002_LoginTest - Entering valid email and password...
12:02:56.046 [main] INFO  testCases.TC_002_LoginTest - click on login button...
12:02:57.848 [main] INFO  testCases.TC_002_LoginTest - Test is Passed....
12:02:57.848 [main] INFO  testCases.TC_002_LoginTest - ***finished the TC-002_LoginTest ***
12:16:56.204 [main] INFO  testCases.TC_001_AccountRegistrationTest - *****TC_001_AccountRegistrationTest****
12:16:56.219 [main] DEBUG testCases.TC_001_AccountRegistrationTest - Application logs..
12:16:56.393 [main] INFO  testCases.TC_001_AccountRegistrationTest - ..Click on MyAccountlink..
12:16:56.938 [main] INFO  testCases.TC_001_AccountRegistrationTest - ..Click on MyRegiseration link..
12:16:56.939 [main] INFO  testCases.TC_001_AccountRegistrationTest - Entering Customer details..
12:16:57.430 [main] INFO  testCases.TC_001_AccountRegistrationTest - Clicked on continue...
12:16:57.994 [main] INFO  testCases.TC_001_AccountRegistrationTest - ..Validating confirmation message..
12:16:57.995 [main] ERROR testCases.TC_001_AccountRegistrationTest - test failed..
12:17:00.794 [main] INFO  testCases.TC_002_LoginTest - ***Starting the TC-002_LoginTest ***
12:17:00.794 [main] DEBUG testCases.TC_002_LoginTest - Capturing application debug logs....
12:17:00.899 [main] INFO  testCases.TC_002_LoginTest - click on Myaccount link...
12:17:01.359 [main] INFO  testCases.TC_002_LoginTest - click on login link under myaccount...
12:17:01.363 [main] INFO  testCases.TC_002_LoginTest - Entering valid email and password...
12:17:01.662 [main] INFO  testCases.TC_002_LoginTest - click on login button...
12:17:02.113 [main] INFO  testCases.TC_002_LoginTest - Test is Passed....
12:17:02.114 [main] INFO  testCases.TC_002_LoginTest - ***finished the TC-002_LoginTest ***
12:25:43.146 [main] INFO  testCases.TC_001_AccountRegistrationTest - *****TC_001_AccountRegistrationTest****
12:25:43.152 [main] DEBUG testCases.TC_001_AccountRegistrationTest - Application logs..
12:25:43.336 [main] INFO  testCases.TC_001_AccountRegistrationTest - ..Click on MyAccountlink..
12:25:43.970 [main] INFO  testCases.TC_001_AccountRegistrationTest - ..Click on MyRegiseration link..
12:25:43.971 [main] INFO  testCases.TC_001_AccountRegistrationTest - Entering Customer details..
12:25:44.503 [main] INFO  testCases.TC_001_AccountRegistrationTest - Clicked on continue...
12:25:46.484 [main] INFO  testCases.TC_001_AccountRegistrationTest - ..Validating confirmation message..
12:25:46.484 [main] INFO  testCases.TC_001_AccountRegistrationTest - test passed..
12:25:46.486 [main] INFO  testCases.TC_001_AccountRegistrationTest - ..Finished TC_001_AccountRegistrationTest..
